app/build/intermediates/manifest_merge_blame_file/debug/manifest-merger-blame-debug-report.txt
1<?xml version="1.0" encoding="utf-8"?>
2<manifest xmlns:android="http://schemas.android.com/apk/res/android"
3    package="com.mohammed.hypermarketandroidtask"
4    android:versionCode="1"
5    android:versionName="1.0" >
6
7    <uses-sdk
8        android:minSdkVersion="21"
8-->src/main/AndroidManifest.xml
9        android:targetSdkVersion="29" />
9-->src/main/AndroidManifest.xml
10
11    <uses-permission android:name="android.permission.INTERNET" />
11-->src/main/AndroidManifest.xml:4:5-67
11-->src/main/AndroidManifest.xml:4:22-64
12    <uses-permission android:name="android.permission.WRITE_EXTERNAL_STORAGE" />
12-->src/main/AndroidManifest.xml:5:5-81
12-->src/main/AndroidManifest.xml:5:22-78
13
14    <!-- Permission will be merged into the manifest of the hosting app. -->
15    <!-- Is required to launch foreground extraction service for targetSdkVersion 28+. -->
16    <uses-permission android:name="android.permission.FOREGROUND_SERVICE" />
16-->[com.google.android.play:core:1.7.2] AndroidManifest.xml:8:3-74
16-->[com.google.android.play:core:1.7.2] AndroidManifest.xml:8:20-72
17
18    <application
18-->src/main/AndroidManifest.xml:7:5-28:19
19        android:name="com.mohammed.hypermarketandroidtask.MyApplication"
19-->src/main/AndroidManifest.xml:8:9-73
20        android:allowBackup="true"
20-->src/main/AndroidManifest.xml:9:9-35
21        android:appComponentFactory="androidx.core.app.CoreComponentFactory"
21-->[androidx.core:core:1.3.1] AndroidManifest.xml:24:18-86
22        android:debuggable="true"
23        android:icon="@mipmap/ic_launcher"
23-->src/main/AndroidManifest.xml:10:9-43
24        android:label="@string/app_name"
24-->src/main/AndroidManifest.xml:11:9-41
25        android:roundIcon="@mipmap/ic_launcher_round"
25-->src/main/AndroidManifest.xml:12:9-54
26        android:supportsRtl="true"
26-->src/main/AndroidManifest.xml:13:9-35
27        android:testOnly="true"
28        android:theme="@style/AppTheme" >
28-->src/main/AndroidManifest.xml:14:9-40
29        <activity android:name="com.mohammed.hypermarketandroidtask.starterpackage.Splash2" >
29-->src/main/AndroidManifest.xml:16:9-22:20
29-->src/main/AndroidManifest.xml:16:19-57
30            <intent-filter>
30-->src/main/AndroidManifest.xml:17:13-21:29
31                <action android:name="android.intent.action.MAIN" />
31-->src/main/AndroidManifest.xml:18:17-69
31-->src/main/AndroidManifest.xml:18:25-66
32
33                <category android:name="android.intent.category.LAUNCHER" />
33-->src/main/AndroidManifest.xml:20:17-77
33-->src/main/AndroidManifest.xml:20:27-74
34            </intent-filter>
35        </activity>
36        <activity android:name="com.mohammed.hypermarketandroidtask.starterpackage.OnBoardingActivity" />
36-->src/main/AndroidManifest.xml:23:9-71
36-->src/main/AndroidManifest.xml:23:19-68
37        <activity
37-->src/main/AndroidManifest.xml:24:9-27:58
38            android:name="com.mohammed.hypermarketandroidtask.homef.MainActivity"
38-->src/main/AndroidManifest.xml:25:13-47
39            android:screenOrientation="portrait"
39-->src/main/AndroidManifest.xml:26:13-49
40            android:windowSoftInputMode="adjustResize" />
40-->src/main/AndroidManifest.xml:27:13-55
41
42        <provider
42-->[androidx.lifecycle:lifecycle-process:2.2.0] AndroidManifest.xml:25:9-29:43
43            android:name="androidx.lifecycle.ProcessLifecycleOwnerInitializer"
43-->[androidx.lifecycle:lifecycle-process:2.2.0] AndroidManifest.xml:26:13-79
44            android:authorities="com.mohammed.hypermarketandroidtask.lifecycle-process"
44-->[androidx.lifecycle:lifecycle-process:2.2.0] AndroidManifest.xml:27:13-69
45            android:exported="false"
45-->[androidx.lifecycle:lifecycle-process:2.2.0] AndroidManifest.xml:28:13-37
46            android:multiprocess="true" /> <!-- The activities will be merged into the manifest of the hosting app. -->
46-->[androidx.lifecycle:lifecycle-process:2.2.0] AndroidManifest.xml:29:13-40
47        <activity
47-->[com.google.android.play:core:1.7.2] AndroidManifest.xml:12:5-271
48            android:name="com.google.android.play.core.missingsplits.PlayCoreMissingSplitsActivity"
48-->[com.google.android.play:core:1.7.2] AndroidManifest.xml:12:15-102
49            android:enabled="false"
49-->[com.google.android.play:core:1.7.2] AndroidManifest.xml:12:103-126
50            android:exported="false"
50-->[com.google.android.play:core:1.7.2] AndroidManifest.xml:12:127-151
51            android:launchMode="singleInstance"
51-->[com.google.android.play:core:1.7.2] AndroidManifest.xml:12:204-239
52            android:process=":playcore_missing_splits_activity"
52-->[com.google.android.play:core:1.7.2] AndroidManifest.xml:12:152-203
53            android:stateNotNeeded="true" />
53-->[com.google.android.play:core:1.7.2] AndroidManifest.xml:12:240-269
54        <activity
54-->[com.google.android.play:core:1.7.2] AndroidManifest.xml:13:5-226
55            android:name="com.google.android.play.core.common.PlayCoreDialogWrapperActivity"
55-->[com.google.android.play:core:1.7.2] AndroidManifest.xml:13:15-95
56            android:enabled="false"
56-->[com.google.android.play:core:1.7.2] AndroidManifest.xml:13:96-119
57            android:exported="false"
57-->[com.google.android.play:core:1.7.2] AndroidManifest.xml:13:120-144
58            android:stateNotNeeded="true"
58-->[com.google.android.play:core:1.7.2] AndroidManifest.xml:13:145-174
59            android:theme="@style/Theme.PlayCore.Transparent" /> <!-- The service will be merged into the manifest of the hosting app. -->
59-->[com.google.android.play:core:1.7.2] AndroidManifest.xml:13:175-224
60        <service
60-->[com.google.android.play:core:1.7.2] AndroidManifest.xml:16:5-145
61            android:name="com.google.android.play.core.assetpacks.AssetPackExtractionService"
61-->[com.google.android.play:core:1.7.2] AndroidManifest.xml:16:14-95
62            android:enabled="false"
62-->[com.google.android.play:core:1.7.2] AndroidManifest.xml:16:96-119
63            android:exported="true" />
63-->[com.google.android.play:core:1.7.2] AndroidManifest.xml:16:120-143
64    </application>
65
66</manifest>